
**** Build of configuration Debug for project TMS320F2833X ****

"E:\\ti\\ccs1100\\ccs\\utils\\bin\\gmake" -k -j 12 all -O 
 
Building file: "../Source/BSW/common/source/DSP2833x_CSMPasswords.asm"
Invoking: C2000 Compiler
"E:/ti/ccs1100/ccs/tools/compiler/ti-cgt-c2000_21.6.0.LTS/bin/cl2000" -v28 -ml -mt --float_support=fpu32 -O2 --include_path="D:/TMS320F28335_STU/Workspace/TMS320F2833X" --include_path="D:/TMS320F28335_STU/Workspace/TMS320F2833X/Source/ASW" --include_path="D:/TMS320F28335_STU/Workspace/TMS320F2833X/Source" --include_path="D:/TMS320F28335_STU/Workspace/TMS320F2833X/Source/BSW/CMD" --include_path="D:/TMS320F28335_STU/Workspace/TMS320F2833X/Source/BSW/common" --include_path="D:/TMS320F28335_STU/Workspace/TMS320F2833X/Source/BSW/common/include" --include_path="D:/TMS320F28335_STU/Workspace/TMS320F2833X/Source/BSW/header/include" --include_path="E:/ti/ccs1100/ccs/tools/compiler/ti-cgt-c2000_21.6.0.LTS/include" -g --diag_warning=225 --diag_wrap=off --display_error_number --abi=coffabi --preproc_with_compile --preproc_dependency="Source/BSW/common/source/DSP2833x_CSMPasswords.d_raw" --obj_directory="Source/BSW/common/source"  "../Source/BSW/common/source/DSP2833x_CSMPasswords.asm"
Finished building: "../Source/BSW/common/source/DSP2833x_CSMPasswords.asm"
 
Building file: "../Source/BSW/common/source/DSP2833x_ADC_cal.asm"
Invoking: C2000 Compiler
"E:/ti/ccs1100/ccs/tools/compiler/ti-cgt-c2000_21.6.0.LTS/bin/cl2000" -v28 -ml -mt --float_support=fpu32 -O2 --include_path="D:/TMS320F28335_STU/Workspace/TMS320F2833X" --include_path="D:/TMS320F28335_STU/Workspace/TMS320F2833X/Source/ASW" --include_path="D:/TMS320F28335_STU/Workspace/TMS320F2833X/Source" --include_path="D:/TMS320F28335_STU/Workspace/TMS320F2833X/Source/BSW/CMD" --include_path="D:/TMS320F28335_STU/Workspace/TMS320F2833X/Source/BSW/common" --include_path="D:/TMS320F28335_STU/Workspace/TMS320F2833X/Source/BSW/common/include" --include_path="D:/TMS320F28335_STU/Workspace/TMS320F2833X/Source/BSW/header/include" --include_path="E:/ti/ccs1100/ccs/tools/compiler/ti-cgt-c2000_21.6.0.LTS/include" -g --diag_warning=225 --diag_wrap=off --display_error_number --abi=coffabi --preproc_with_compile --preproc_dependency="Source/BSW/common/source/DSP2833x_ADC_cal.d_raw" --obj_directory="Source/BSW/common/source"  "../Source/BSW/common/source/DSP2833x_ADC_cal.asm"
Finished building: "../Source/BSW/common/source/DSP2833x_ADC_cal.asm"
 
Building file: "../Source/BSW/common/source/DSP2833x_CodeStartBranch.asm"
Invoking: C2000 Compiler
"E:/ti/ccs1100/ccs/tools/compiler/ti-cgt-c2000_21.6.0.LTS/bin/cl2000" -v28 -ml -mt --float_support=fpu32 -O2 --include_path="D:/TMS320F28335_STU/Workspace/TMS320F2833X" --include_path="D:/TMS320F28335_STU/Workspace/TMS320F2833X/Source/ASW" --include_path="D:/TMS320F28335_STU/Workspace/TMS320F2833X/Source" --include_path="D:/TMS320F28335_STU/Workspace/TMS320F2833X/Source/BSW/CMD" --include_path="D:/TMS320F28335_STU/Workspace/TMS320F2833X/Source/BSW/common" --include_path="D:/TMS320F28335_STU/Workspace/TMS320F2833X/Source/BSW/common/include" --include_path="D:/TMS320F28335_STU/Workspace/TMS320F2833X/Source/BSW/header/include" --include_path="E:/ti/ccs1100/ccs/tools/compiler/ti-cgt-c2000_21.6.0.LTS/include" -g --diag_warning=225 --diag_wrap=off --display_error_number --abi=coffabi --preproc_with_compile --preproc_dependency="Source/BSW/common/source/DSP2833x_CodeStartBranch.d_raw" --obj_directory="Source/BSW/common/source"  "../Source/BSW/common/source/DSP2833x_CodeStartBranch.asm"
Finished building: "../Source/BSW/common/source/DSP2833x_CodeStartBranch.asm"
 
Building file: "../Source/BSW/common/source/DSP2833x_DBGIER.asm"
Invoking: C2000 Compiler
"E:/ti/ccs1100/ccs/tools/compiler/ti-cgt-c2000_21.6.0.LTS/bin/cl2000" -v28 -ml -mt --float_support=fpu32 -O2 --include_path="D:/TMS320F28335_STU/Workspace/TMS320F2833X" --include_path="D:/TMS320F28335_STU/Workspace/TMS320F2833X/Source/ASW" --include_path="D:/TMS320F28335_STU/Workspace/TMS320F2833X/Source" --include_path="D:/TMS320F28335_STU/Workspace/TMS320F2833X/Source/BSW/CMD" --include_path="D:/TMS320F28335_STU/Workspace/TMS320F2833X/Source/BSW/common" --include_path="D:/TMS320F28335_STU/Workspace/TMS320F2833X/Source/BSW/common/include" --include_path="D:/TMS320F28335_STU/Workspace/TMS320F2833X/Source/BSW/header/include" --include_path="E:/ti/ccs1100/ccs/tools/compiler/ti-cgt-c2000_21.6.0.LTS/include" -g --diag_warning=225 --diag_wrap=off --display_error_number --abi=coffabi --preproc_with_compile --preproc_dependency="Source/BSW/common/source/DSP2833x_DBGIER.d_raw" --obj_directory="Source/BSW/common/source"  "../Source/BSW/common/source/DSP2833x_DBGIER.asm"
Finished building: "../Source/BSW/common/source/DSP2833x_DBGIER.asm"
 
Building file: "../Source/BSW/common/source/DSP2833x_DisInt.asm"
Invoking: C2000 Compiler
"E:/ti/ccs1100/ccs/tools/compiler/ti-cgt-c2000_21.6.0.LTS/bin/cl2000" -v28 -ml -mt --float_support=fpu32 -O2 --include_path="D:/TMS320F28335_STU/Workspace/TMS320F2833X" --include_path="D:/TMS320F28335_STU/Workspace/TMS320F2833X/Source/ASW" --include_path="D:/TMS320F28335_STU/Workspace/TMS320F2833X/Source" --include_path="D:/TMS320F28335_STU/Workspace/TMS320F2833X/Source/BSW/CMD" --include_path="D:/TMS320F28335_STU/Workspace/TMS320F2833X/Source/BSW/common" --include_path="D:/TMS320F28335_STU/Workspace/TMS320F2833X/Source/BSW/common/include" --include_path="D:/TMS320F28335_STU/Workspace/TMS320F2833X/Source/BSW/header/include" --include_path="E:/ti/ccs1100/ccs/tools/compiler/ti-cgt-c2000_21.6.0.LTS/include" -g --diag_warning=225 --diag_wrap=off --display_error_number --abi=coffabi --preproc_with_compile --preproc_dependency="Source/BSW/common/source/DSP2833x_DisInt.d_raw" --obj_directory="Source/BSW/common/source"  "../Source/BSW/common/source/DSP2833x_DisInt.asm"
Finished building: "../Source/BSW/common/source/DSP2833x_DisInt.asm"
 
Building file: "../main.c"
Invoking: C2000 Compiler
"E:/ti/ccs1100/ccs/tools/compiler/ti-cgt-c2000_21.6.0.LTS/bin/cl2000" -v28 -ml -mt --float_support=fpu32 -O2 --include_path="D:/TMS320F28335_STU/Workspace/TMS320F2833X" --include_path="D:/TMS320F28335_STU/Workspace/TMS320F2833X/Source/ASW" --include_path="D:/TMS320F28335_STU/Workspace/TMS320F2833X/Source" --include_path="D:/TMS320F28335_STU/Workspace/TMS320F2833X/Source/BSW/CMD" --include_path="D:/TMS320F28335_STU/Workspace/TMS320F2833X/Source/BSW/common" --include_path="D:/TMS320F28335_STU/Workspace/TMS320F2833X/Source/BSW/common/include" --include_path="D:/TMS320F28335_STU/Workspace/TMS320F2833X/Source/BSW/header/include" --include_path="E:/ti/ccs1100/ccs/tools/compiler/ti-cgt-c2000_21.6.0.LTS/include" -g --diag_warning=225 --diag_wrap=off --display_error_number --abi=coffabi --preproc_with_compile --preproc_dependency="main.d_raw"  "../main.c"
Finished building: "../main.c"
 
Building file: "../Source/BSW/common/source/DSP2833x_Adc.c"
Invoking: C2000 Compiler
"E:/ti/ccs1100/ccs/tools/compiler/ti-cgt-c2000_21.6.0.LTS/bin/cl2000" -v28 -ml -mt --float_support=fpu32 -O2 --include_path="D:/TMS320F28335_STU/Workspace/TMS320F2833X" --include_path="D:/TMS320F28335_STU/Workspace/TMS320F2833X/Source/ASW" --include_path="D:/TMS320F28335_STU/Workspace/TMS320F2833X/Source" --include_path="D:/TMS320F28335_STU/Workspace/TMS320F2833X/Source/BSW/CMD" --include_path="D:/TMS320F28335_STU/Workspace/TMS320F2833X/Source/BSW/common" --include_path="D:/TMS320F28335_STU/Workspace/TMS320F2833X/Source/BSW/common/include" --include_path="D:/TMS320F28335_STU/Workspace/TMS320F2833X/Source/BSW/header/include" --include_path="E:/ti/ccs1100/ccs/tools/compiler/ti-cgt-c2000_21.6.0.LTS/include" -g --diag_warning=225 --diag_wrap=off --display_error_number --abi=coffabi --preproc_with_compile --preproc_dependency="Source/BSW/common/source/DSP2833x_Adc.d_raw" --obj_directory="Source/BSW/common/source"  "../Source/BSW/common/source/DSP2833x_Adc.c"
Finished building: "../Source/BSW/common/source/DSP2833x_Adc.c"
 
Building file: "../Source/BSW/common/source/DSP2833x_CpuTimers.c"
Invoking: C2000 Compiler
"E:/ti/ccs1100/ccs/tools/compiler/ti-cgt-c2000_21.6.0.LTS/bin/cl2000" -v28 -ml -mt --float_support=fpu32 -O2 --include_path="D:/TMS320F28335_STU/Workspace/TMS320F2833X" --include_path="D:/TMS320F28335_STU/Workspace/TMS320F2833X/Source/ASW" --include_path="D:/TMS320F28335_STU/Workspace/TMS320F2833X/Source" --include_path="D:/TMS320F28335_STU/Workspace/TMS320F2833X/Source/BSW/CMD" --include_path="D:/TMS320F28335_STU/Workspace/TMS320F2833X/Source/BSW/common" --include_path="D:/TMS320F28335_STU/Workspace/TMS320F2833X/Source/BSW/common/include" --include_path="D:/TMS320F28335_STU/Workspace/TMS320F2833X/Source/BSW/header/include" --include_path="E:/ti/ccs1100/ccs/tools/compiler/ti-cgt-c2000_21.6.0.LTS/include" -g --diag_warning=225 --diag_wrap=off --display_error_number --abi=coffabi --preproc_with_compile --preproc_dependency="Source/BSW/common/source/DSP2833x_CpuTimers.d_raw" --obj_directory="Source/BSW/common/source"  "../Source/BSW/common/source/DSP2833x_CpuTimers.c"
Finished building: "../Source/BSW/common/source/DSP2833x_CpuTimers.c"
 
Building file: "../Source/BSW/common/source/DSP2833x_DefaultIsr.c"
Invoking: C2000 Compiler
"E:/ti/ccs1100/ccs/tools/compiler/ti-cgt-c2000_21.6.0.LTS/bin/cl2000" -v28 -ml -mt --float_support=fpu32 -O2 --include_path="D:/TMS320F28335_STU/Workspace/TMS320F2833X" --include_path="D:/TMS320F28335_STU/Workspace/TMS320F2833X/Source/ASW" --include_path="D:/TMS320F28335_STU/Workspace/TMS320F2833X/Source" --include_path="D:/TMS320F28335_STU/Workspace/TMS320F2833X/Source/BSW/CMD" --include_path="D:/TMS320F28335_STU/Workspace/TMS320F2833X/Source/BSW/common" --include_path="D:/TMS320F28335_STU/Workspace/TMS320F2833X/Source/BSW/common/include" --include_path="D:/TMS320F28335_STU/Workspace/TMS320F2833X/Source/BSW/header/include" --include_path="E:/ti/ccs1100/ccs/tools/compiler/ti-cgt-c2000_21.6.0.LTS/include" -g --diag_warning=225 --diag_wrap=off --display_error_number --abi=coffabi --preproc_with_compile --preproc_dependency="Source/BSW/common/source/DSP2833x_DefaultIsr.d_raw" --obj_directory="Source/BSW/common/source"  "../Source/BSW/common/source/DSP2833x_DefaultIsr.c"
Finished building: "../Source/BSW/common/source/DSP2833x_DefaultIsr.c"
 
Building file: "../Source/BSW/common/source/DSP2833x_ECap.c"
Invoking: C2000 Compiler
"E:/ti/ccs1100/ccs/tools/compiler/ti-cgt-c2000_21.6.0.LTS/bin/cl2000" -v28 -ml -mt --float_support=fpu32 -O2 --include_path="D:/TMS320F28335_STU/Workspace/TMS320F2833X" --include_path="D:/TMS320F28335_STU/Workspace/TMS320F2833X/Source/ASW" --include_path="D:/TMS320F28335_STU/Workspace/TMS320F2833X/Source" --include_path="D:/TMS320F28335_STU/Workspace/TMS320F2833X/Source/BSW/CMD" --include_path="D:/TMS320F28335_STU/Workspace/TMS320F2833X/Source/BSW/common" --include_path="D:/TMS320F28335_STU/Workspace/TMS320F2833X/Source/BSW/common/include" --include_path="D:/TMS320F28335_STU/Workspace/TMS320F2833X/Source/BSW/header/include" --include_path="E:/ti/ccs1100/ccs/tools/compiler/ti-cgt-c2000_21.6.0.LTS/include" -g --diag_warning=225 --diag_wrap=off --display_error_number --abi=coffabi --preproc_with_compile --preproc_dependency="Source/BSW/common/source/DSP2833x_ECap.d_raw" --obj_directory="Source/BSW/common/source"  "../Source/BSW/common/source/DSP2833x_ECap.c"
Finished building: "../Source/BSW/common/source/DSP2833x_ECap.c"
 
Building file: "../Source/BSW/common/source/DSP2833x_EPwm.c"
Invoking: C2000 Compiler
"E:/ti/ccs1100/ccs/tools/compiler/ti-cgt-c2000_21.6.0.LTS/bin/cl2000" -v28 -ml -mt --float_support=fpu32 -O2 --include_path="D:/TMS320F28335_STU/Workspace/TMS320F2833X" --include_path="D:/TMS320F28335_STU/Workspace/TMS320F2833X/Source/ASW" --include_path="D:/TMS320F28335_STU/Workspace/TMS320F2833X/Source" --include_path="D:/TMS320F28335_STU/Workspace/TMS320F2833X/Source/BSW/CMD" --include_path="D:/TMS320F28335_STU/Workspace/TMS320F2833X/Source/BSW/common" --include_path="D:/TMS320F28335_STU/Workspace/TMS320F2833X/Source/BSW/common/include" --include_path="D:/TMS320F28335_STU/Workspace/TMS320F2833X/Source/BSW/header/include" --include_path="E:/ti/ccs1100/ccs/tools/compiler/ti-cgt-c2000_21.6.0.LTS/include" -g --diag_warning=225 --diag_wrap=off --display_error_number --abi=coffabi --preproc_with_compile --preproc_dependency="Source/BSW/common/source/DSP2833x_EPwm.d_raw" --obj_directory="Source/BSW/common/source"  "../Source/BSW/common/source/DSP2833x_EPwm.c"
Finished building: "../Source/BSW/common/source/DSP2833x_EPwm.c"
 
Building file: "../Source/BSW/common/source/DSP2833x_ECan.c"
Invoking: C2000 Compiler
"E:/ti/ccs1100/ccs/tools/compiler/ti-cgt-c2000_21.6.0.LTS/bin/cl2000" -v28 -ml -mt --float_support=fpu32 -O2 --include_path="D:/TMS320F28335_STU/Workspace/TMS320F2833X" --include_path="D:/TMS320F28335_STU/Workspace/TMS320F2833X/Source/ASW" --include_path="D:/TMS320F28335_STU/Workspace/TMS320F2833X/Source" --include_path="D:/TMS320F28335_STU/Workspace/TMS320F2833X/Source/BSW/CMD" --include_path="D:/TMS320F28335_STU/Workspace/TMS320F2833X/Source/BSW/common" --include_path="D:/TMS320F28335_STU/Workspace/TMS320F2833X/Source/BSW/common/include" --include_path="D:/TMS320F28335_STU/Workspace/TMS320F2833X/Source/BSW/header/include" --include_path="E:/ti/ccs1100/ccs/tools/compiler/ti-cgt-c2000_21.6.0.LTS/include" -g --diag_warning=225 --diag_wrap=off --display_error_number --abi=coffabi --preproc_with_compile --preproc_dependency="Source/BSW/common/source/DSP2833x_ECan.d_raw" --obj_directory="Source/BSW/common/source"  "../Source/BSW/common/source/DSP2833x_ECan.c"
Finished building: "../Source/BSW/common/source/DSP2833x_ECan.c"
 
Building file: "../Source/BSW/common/source/DSP2833x_EQep.c"
Invoking: C2000 Compiler
"E:/ti/ccs1100/ccs/tools/compiler/ti-cgt-c2000_21.6.0.LTS/bin/cl2000" -v28 -ml -mt --float_support=fpu32 -O2 --include_path="D:/TMS320F28335_STU/Workspace/TMS320F2833X" --include_path="D:/TMS320F28335_STU/Workspace/TMS320F2833X/Source/ASW" --include_path="D:/TMS320F28335_STU/Workspace/TMS320F2833X/Source" --include_path="D:/TMS320F28335_STU/Workspace/TMS320F2833X/Source/BSW/CMD" --include_path="D:/TMS320F28335_STU/Workspace/TMS320F2833X/Source/BSW/common" --include_path="D:/TMS320F28335_STU/Workspace/TMS320F2833X/Source/BSW/common/include" --include_path="D:/TMS320F28335_STU/Workspace/TMS320F2833X/Source/BSW/header/include" --include_path="E:/ti/ccs1100/ccs/tools/compiler/ti-cgt-c2000_21.6.0.LTS/include" -g --diag_warning=225 --diag_wrap=off --display_error_number --abi=coffabi --preproc_with_compile --preproc_dependency="Source/BSW/common/source/DSP2833x_EQep.d_raw" --obj_directory="Source/BSW/common/source"  "../Source/BSW/common/source/DSP2833x_EQep.c"
Finished building: "../Source/BSW/common/source/DSP2833x_EQep.c"
 
Building file: "../Source/BSW/common/source/DSP2833x_Gpio.c"
Invoking: C2000 Compiler
"E:/ti/ccs1100/ccs/tools/compiler/ti-cgt-c2000_21.6.0.LTS/bin/cl2000" -v28 -ml -mt --float_support=fpu32 -O2 --include_path="D:/TMS320F28335_STU/Workspace/TMS320F2833X" --include_path="D:/TMS320F28335_STU/Workspace/TMS320F2833X/Source/ASW" --include_path="D:/TMS320F28335_STU/Workspace/TMS320F2833X/Source" --include_path="D:/TMS320F28335_STU/Workspace/TMS320F2833X/Source/BSW/CMD" --include_path="D:/TMS320F28335_STU/Workspace/TMS320F2833X/Source/BSW/common" --include_path="D:/TMS320F28335_STU/Workspace/TMS320F2833X/Source/BSW/common/include" --include_path="D:/TMS320F28335_STU/Workspace/TMS320F2833X/Source/BSW/header/include" --include_path="E:/ti/ccs1100/ccs/tools/compiler/ti-cgt-c2000_21.6.0.LTS/include" -g --diag_warning=225 --diag_wrap=off --display_error_number --abi=coffabi --preproc_with_compile --preproc_dependency="Source/BSW/common/source/DSP2833x_Gpio.d_raw" --obj_directory="Source/BSW/common/source"  "../Source/BSW/common/source/DSP2833x_Gpio.c"
Finished building: "../Source/BSW/common/source/DSP2833x_Gpio.c"
 
Building file: "../Source/BSW/common/source/DSP2833x_I2C.c"
Invoking: C2000 Compiler
"E:/ti/ccs1100/ccs/tools/compiler/ti-cgt-c2000_21.6.0.LTS/bin/cl2000" -v28 -ml -mt --float_support=fpu32 -O2 --include_path="D:/TMS320F28335_STU/Workspace/TMS320F2833X" --include_path="D:/TMS320F28335_STU/Workspace/TMS320F2833X/Source/ASW" --include_path="D:/TMS320F28335_STU/Workspace/TMS320F2833X/Source" --include_path="D:/TMS320F28335_STU/Workspace/TMS320F2833X/Source/BSW/CMD" --include_path="D:/TMS320F28335_STU/Workspace/TMS320F2833X/Source/BSW/common" --include_path="D:/TMS320F28335_STU/Workspace/TMS320F2833X/Source/BSW/common/include" --include_path="D:/TMS320F28335_STU/Workspace/TMS320F2833X/Source/BSW/header/include" --include_path="E:/ti/ccs1100/ccs/tools/compiler/ti-cgt-c2000_21.6.0.LTS/include" -g --diag_warning=225 --diag_wrap=off --display_error_number --abi=coffabi --preproc_with_compile --preproc_dependency="Source/BSW/common/source/DSP2833x_I2C.d_raw" --obj_directory="Source/BSW/common/source"  "../Source/BSW/common/source/DSP2833x_I2C.c"
Finished building: "../Source/BSW/common/source/DSP2833x_I2C.c"
 
Building file: "../Source/BSW/common/source/DSP2833x_DMA.c"
Invoking: C2000 Compiler
"E:/ti/ccs1100/ccs/tools/compiler/ti-cgt-c2000_21.6.0.LTS/bin/cl2000" -v28 -ml -mt --float_support=fpu32 -O2 --include_path="D:/TMS320F28335_STU/Workspace/TMS320F2833X" --include_path="D:/TMS320F28335_STU/Workspace/TMS320F2833X/Source/ASW" --include_path="D:/TMS320F28335_STU/Workspace/TMS320F2833X/Source" --include_path="D:/TMS320F28335_STU/Workspace/TMS320F2833X/Source/BSW/CMD" --include_path="D:/TMS320F28335_STU/Workspace/TMS320F2833X/Source/BSW/common" --include_path="D:/TMS320F28335_STU/Workspace/TMS320F2833X/Source/BSW/common/include" --include_path="D:/TMS320F28335_STU/Workspace/TMS320F2833X/Source/BSW/header/include" --include_path="E:/ti/ccs1100/ccs/tools/compiler/ti-cgt-c2000_21.6.0.LTS/include" -g --diag_warning=225 --diag_wrap=off --display_error_number --abi=coffabi --preproc_with_compile --preproc_dependency="Source/BSW/common/source/DSP2833x_DMA.d_raw" --obj_directory="Source/BSW/common/source"  "../Source/BSW/common/source/DSP2833x_DMA.c"
Finished building: "../Source/BSW/common/source/DSP2833x_DMA.c"
 
Building file: "../Source/BSW/common/source/DSP2833x_MemCopy.c"
Invoking: C2000 Compiler
"E:/ti/ccs1100/ccs/tools/compiler/ti-cgt-c2000_21.6.0.LTS/bin/cl2000" -v28 -ml -mt --float_support=fpu32 -O2 --include_path="D:/TMS320F28335_STU/Workspace/TMS320F2833X" --include_path="D:/TMS320F28335_STU/Workspace/TMS320F2833X/Source/ASW" --include_path="D:/TMS320F28335_STU/Workspace/TMS320F2833X/Source" --include_path="D:/TMS320F28335_STU/Workspace/TMS320F2833X/Source/BSW/CMD" --include_path="D:/TMS320F28335_STU/Workspace/TMS320F2833X/Source/BSW/common" --include_path="D:/TMS320F28335_STU/Workspace/TMS320F2833X/Source/BSW/common/include" --include_path="D:/TMS320F28335_STU/Workspace/TMS320F2833X/Source/BSW/header/include" --include_path="E:/ti/ccs1100/ccs/tools/compiler/ti-cgt-c2000_21.6.0.LTS/include" -g --diag_warning=225 --diag_wrap=off --display_error_number --abi=coffabi --preproc_with_compile --preproc_dependency="Source/BSW/common/source/DSP2833x_MemCopy.d_raw" --obj_directory="Source/BSW/common/source"  "../Source/BSW/common/source/DSP2833x_MemCopy.c"
Finished building: "../Source/BSW/common/source/DSP2833x_MemCopy.c"
 
Building file: "../Source/BSW/common/source/DSP2833x_PieCtrl.c"
Invoking: C2000 Compiler
"E:/ti/ccs1100/ccs/tools/compiler/ti-cgt-c2000_21.6.0.LTS/bin/cl2000" -v28 -ml -mt --float_support=fpu32 -O2 --include_path="D:/TMS320F28335_STU/Workspace/TMS320F2833X" --include_path="D:/TMS320F28335_STU/Workspace/TMS320F2833X/Source/ASW" --include_path="D:/TMS320F28335_STU/Workspace/TMS320F2833X/Source" --include_path="D:/TMS320F28335_STU/Workspace/TMS320F2833X/Source/BSW/CMD" --include_path="D:/TMS320F28335_STU/Workspace/TMS320F2833X/Source/BSW/common" --include_path="D:/TMS320F28335_STU/Workspace/TMS320F2833X/Source/BSW/common/include" --include_path="D:/TMS320F28335_STU/Workspace/TMS320F2833X/Source/BSW/header/include" --include_path="E:/ti/ccs1100/ccs/tools/compiler/ti-cgt-c2000_21.6.0.LTS/include" -g --diag_warning=225 --diag_wrap=off --display_error_number --abi=coffabi --preproc_with_compile --preproc_dependency="Source/BSW/common/source/DSP2833x_PieCtrl.d_raw" --obj_directory="Source/BSW/common/source"  "../Source/BSW/common/source/DSP2833x_PieCtrl.c"
Finished building: "../Source/BSW/common/source/DSP2833x_PieCtrl.c"
 
Building file: "../Source/BSW/common/source/DSP2833x_Sci.c"
Invoking: C2000 Compiler
"E:/ti/ccs1100/ccs/tools/compiler/ti-cgt-c2000_21.6.0.LTS/bin/cl2000" -v28 -ml -mt --float_support=fpu32 -O2 --include_path="D:/TMS320F28335_STU/Workspace/TMS320F2833X" --include_path="D:/TMS320F28335_STU/Workspace/TMS320F2833X/Source/ASW" --include_path="D:/TMS320F28335_STU/Workspace/TMS320F2833X/Source" --include_path="D:/TMS320F28335_STU/Workspace/TMS320F2833X/Source/BSW/CMD" --include_path="D:/TMS320F28335_STU/Workspace/TMS320F2833X/Source/BSW/common" --include_path="D:/TMS320F28335_STU/Workspace/TMS320F2833X/Source/BSW/common/include" --include_path="D:/TMS320F28335_STU/Workspace/TMS320F2833X/Source/BSW/header/include" --include_path="E:/ti/ccs1100/ccs/tools/compiler/ti-cgt-c2000_21.6.0.LTS/include" -g --diag_warning=225 --diag_wrap=off --display_error_number --abi=coffabi --preproc_with_compile --preproc_dependency="Source/BSW/common/source/DSP2833x_Sci.d_raw" --obj_directory="Source/BSW/common/source"  "../Source/BSW/common/source/DSP2833x_Sci.c"
Finished building: "../Source/BSW/common/source/DSP2833x_Sci.c"
 
Building file: "../Source/BSW/common/source/DSP2833x_PieVect.c"
Invoking: C2000 Compiler
"E:/ti/ccs1100/ccs/tools/compiler/ti-cgt-c2000_21.6.0.LTS/bin/cl2000" -v28 -ml -mt --float_support=fpu32 -O2 --include_path="D:/TMS320F28335_STU/Workspace/TMS320F2833X" --include_path="D:/TMS320F28335_STU/Workspace/TMS320F2833X/Source/ASW" --include_path="D:/TMS320F28335_STU/Workspace/TMS320F2833X/Source" --include_path="D:/TMS320F28335_STU/Workspace/TMS320F2833X/Source/BSW/CMD" --include_path="D:/TMS320F28335_STU/Workspace/TMS320F2833X/Source/BSW/common" --include_path="D:/TMS320F28335_STU/Workspace/TMS320F2833X/Source/BSW/common/include" --include_path="D:/TMS320F28335_STU/Workspace/TMS320F2833X/Source/BSW/header/include" --include_path="E:/ti/ccs1100/ccs/tools/compiler/ti-cgt-c2000_21.6.0.LTS/include" -g --diag_warning=225 --diag_wrap=off --display_error_number --abi=coffabi --preproc_with_compile --preproc_dependency="Source/BSW/common/source/DSP2833x_PieVect.d_raw" --obj_directory="Source/BSW/common/source"  "../Source/BSW/common/source/DSP2833x_PieVect.c"
Finished building: "../Source/BSW/common/source/DSP2833x_PieVect.c"
 
Building file: "../Source/BSW/common/source/DSP2833x_Spi.c"
Invoking: C2000 Compiler
"E:/ti/ccs1100/ccs/tools/compiler/ti-cgt-c2000_21.6.0.LTS/bin/cl2000" -v28 -ml -mt --float_support=fpu32 -O2 --include_path="D:/TMS320F28335_STU/Workspace/TMS320F2833X" --include_path="D:/TMS320F28335_STU/Workspace/TMS320F2833X/Source/ASW" --include_path="D:/TMS320F28335_STU/Workspace/TMS320F2833X/Source" --include_path="D:/TMS320F28335_STU/Workspace/TMS320F2833X/Source/BSW/CMD" --include_path="D:/TMS320F28335_STU/Workspace/TMS320F2833X/Source/BSW/common" --include_path="D:/TMS320F28335_STU/Workspace/TMS320F2833X/Source/BSW/common/include" --include_path="D:/TMS320F28335_STU/Workspace/TMS320F2833X/Source/BSW/header/include" --include_path="E:/ti/ccs1100/ccs/tools/compiler/ti-cgt-c2000_21.6.0.LTS/include" -g --diag_warning=225 --diag_wrap=off --display_error_number --abi=coffabi --preproc_with_compile --preproc_dependency="Source/BSW/common/source/DSP2833x_Spi.d_raw" --obj_directory="Source/BSW/common/source"  "../Source/BSW/common/source/DSP2833x_Spi.c"
Finished building: "../Source/BSW/common/source/DSP2833x_Spi.c"
 
Building file: "../Source/BSW/common/source/DSP2833x_Mcbsp.c"
Invoking: C2000 Compiler
"E:/ti/ccs1100/ccs/tools/compiler/ti-cgt-c2000_21.6.0.LTS/bin/cl2000" -v28 -ml -mt --float_support=fpu32 -O2 --include_path="D:/TMS320F28335_STU/Workspace/TMS320F2833X" --include_path="D:/TMS320F28335_STU/Workspace/TMS320F2833X/Source/ASW" --include_path="D:/TMS320F28335_STU/Workspace/TMS320F2833X/Source" --include_path="D:/TMS320F28335_STU/Workspace/TMS320F2833X/Source/BSW/CMD" --include_path="D:/TMS320F28335_STU/Workspace/TMS320F2833X/Source/BSW/common" --include_path="D:/TMS320F28335_STU/Workspace/TMS320F2833X/Source/BSW/common/include" --include_path="D:/TMS320F28335_STU/Workspace/TMS320F2833X/Source/BSW/header/include" --include_path="E:/ti/ccs1100/ccs/tools/compiler/ti-cgt-c2000_21.6.0.LTS/include" -g --diag_warning=225 --diag_wrap=off --display_error_number --abi=coffabi --preproc_with_compile --preproc_dependency="Source/BSW/common/source/DSP2833x_Mcbsp.d_raw" --obj_directory="Source/BSW/common/source"  "../Source/BSW/common/source/DSP2833x_Mcbsp.c"
Finished building: "../Source/BSW/common/source/DSP2833x_Mcbsp.c"
 
Building file: "../Source/BSW/common/source/DSP2833x_usDelay.asm"
Invoking: C2000 Compiler
"E:/ti/ccs1100/ccs/tools/compiler/ti-cgt-c2000_21.6.0.LTS/bin/cl2000" -v28 -ml -mt --float_support=fpu32 -O2 --include_path="D:/TMS320F28335_STU/Workspace/TMS320F2833X" --include_path="D:/TMS320F28335_STU/Workspace/TMS320F2833X/Source/ASW" --include_path="D:/TMS320F28335_STU/Workspace/TMS320F2833X/Source" --include_path="D:/TMS320F28335_STU/Workspace/TMS320F2833X/Source/BSW/CMD" --include_path="D:/TMS320F28335_STU/Workspace/TMS320F2833X/Source/BSW/common" --include_path="D:/TMS320F28335_STU/Workspace/TMS320F2833X/Source/BSW/common/include" --include_path="D:/TMS320F28335_STU/Workspace/TMS320F2833X/Source/BSW/header/include" --include_path="E:/ti/ccs1100/ccs/tools/compiler/ti-cgt-c2000_21.6.0.LTS/include" -g --diag_warning=225 --diag_wrap=off --display_error_number --abi=coffabi --preproc_with_compile --preproc_dependency="Source/BSW/common/source/DSP2833x_usDelay.d_raw" --obj_directory="Source/BSW/common/source"  "../Source/BSW/common/source/DSP2833x_usDelay.asm"
Finished building: "../Source/BSW/common/source/DSP2833x_usDelay.asm"
 
Building file: "../Source/BSW/common/source/DSP2833x_SysCtrl.c"
Invoking: C2000 Compiler
"E:/ti/ccs1100/ccs/tools/compiler/ti-cgt-c2000_21.6.0.LTS/bin/cl2000" -v28 -ml -mt --float_support=fpu32 -O2 --include_path="D:/TMS320F28335_STU/Workspace/TMS320F2833X" --include_path="D:/TMS320F28335_STU/Workspace/TMS320F2833X/Source/ASW" --include_path="D:/TMS320F28335_STU/Workspace/TMS320F2833X/Source" --include_path="D:/TMS320F28335_STU/Workspace/TMS320F2833X/Source/BSW/CMD" --include_path="D:/TMS320F28335_STU/Workspace/TMS320F2833X/Source/BSW/common" --include_path="D:/TMS320F28335_STU/Workspace/TMS320F2833X/Source/BSW/common/include" --include_path="D:/TMS320F28335_STU/Workspace/TMS320F2833X/Source/BSW/header/include" --include_path="E:/ti/ccs1100/ccs/tools/compiler/ti-cgt-c2000_21.6.0.LTS/include" -g --diag_warning=225 --diag_wrap=off --display_error_number --abi=coffabi --preproc_with_compile --preproc_dependency="Source/BSW/common/source/DSP2833x_SysCtrl.d_raw" --obj_directory="Source/BSW/common/source"  "../Source/BSW/common/source/DSP2833x_SysCtrl.c"
Finished building: "../Source/BSW/common/source/DSP2833x_SysCtrl.c"
 
Building file: "../Source/BSW/common/source/DSP2833x_Xintf.c"
Invoking: C2000 Compiler
"E:/ti/ccs1100/ccs/tools/compiler/ti-cgt-c2000_21.6.0.LTS/bin/cl2000" -v28 -ml -mt --float_support=fpu32 -O2 --include_path="D:/TMS320F28335_STU/Workspace/TMS320F2833X" --include_path="D:/TMS320F28335_STU/Workspace/TMS320F2833X/Source/ASW" --include_path="D:/TMS320F28335_STU/Workspace/TMS320F2833X/Source" --include_path="D:/TMS320F28335_STU/Workspace/TMS320F2833X/Source/BSW/CMD" --include_path="D:/TMS320F28335_STU/Workspace/TMS320F2833X/Source/BSW/common" --include_path="D:/TMS320F28335_STU/Workspace/TMS320F2833X/Source/BSW/common/include" --include_path="D:/TMS320F28335_STU/Workspace/TMS320F2833X/Source/BSW/header/include" --include_path="E:/ti/ccs1100/ccs/tools/compiler/ti-cgt-c2000_21.6.0.LTS/include" -g --diag_warning=225 --diag_wrap=off --display_error_number --abi=coffabi --preproc_with_compile --preproc_dependency="Source/BSW/common/source/DSP2833x_Xintf.d_raw" --obj_directory="Source/BSW/common/source"  "../Source/BSW/common/source/DSP2833x_Xintf.c"
Finished building: "../Source/BSW/common/source/DSP2833x_Xintf.c"
 
Building file: "../Source/BSW/header/source/DSP2833x_GlobalVariableDefs.c"
Invoking: C2000 Compiler
"E:/ti/ccs1100/ccs/tools/compiler/ti-cgt-c2000_21.6.0.LTS/bin/cl2000" -v28 -ml -mt --float_support=fpu32 -O2 --include_path="D:/TMS320F28335_STU/Workspace/TMS320F2833X" --include_path="D:/TMS320F28335_STU/Workspace/TMS320F2833X/Source/ASW" --include_path="D:/TMS320F28335_STU/Workspace/TMS320F2833X/Source" --include_path="D:/TMS320F28335_STU/Workspace/TMS320F2833X/Source/BSW/CMD" --include_path="D:/TMS320F28335_STU/Workspace/TMS320F2833X/Source/BSW/common" --include_path="D:/TMS320F28335_STU/Workspace/TMS320F2833X/Source/BSW/common/include" --include_path="D:/TMS320F28335_STU/Workspace/TMS320F2833X/Source/BSW/header/include" --include_path="E:/ti/ccs1100/ccs/tools/compiler/ti-cgt-c2000_21.6.0.LTS/include" -g --diag_warning=225 --diag_wrap=off --display_error_number --abi=coffabi --preproc_with_compile --preproc_dependency="Source/BSW/header/source/DSP2833x_GlobalVariableDefs.d_raw" --obj_directory="Source/BSW/header/source"  "../Source/BSW/header/source/DSP2833x_GlobalVariableDefs.c"
Finished building: "../Source/BSW/header/source/DSP2833x_GlobalVariableDefs.c"
 
Building target: "TMS320F2833X.out"
Invoking: C2000 Linker
"E:/ti/ccs1100/ccs/tools/compiler/ti-cgt-c2000_21.6.0.LTS/bin/cl2000" -v28 -ml -mt --float_support=fpu32 -O2 -g --diag_warning=225 --diag_wrap=off --display_error_number --abi=coffabi -z -m"TMS320F2833X.map" --stack_size=0x300 --warn_sections -i"E:/ti/ccs1100/ccs/tools/compiler/ti-cgt-c2000_21.6.0.LTS/lib" -i"E:/ti/ccs1100/ccs/tools/compiler/ti-cgt-c2000_21.6.0.LTS/include" --reread_libs --diag_wrap=off --display_error_number --xml_link_info="TMS320F2833X_linkInfo.xml" --rom_model -o "TMS320F2833X.out" "./main.obj" "./Source/BSW/common/source/DSP2833x_ADC_cal.obj" "./Source/BSW/common/source/DSP2833x_Adc.obj" "./Source/BSW/common/source/DSP2833x_CSMPasswords.obj" "./Source/BSW/common/source/DSP2833x_CodeStartBranch.obj" "./Source/BSW/common/source/DSP2833x_CpuTimers.obj" "./Source/BSW/common/source/DSP2833x_DBGIER.obj" "./Source/BSW/common/source/DSP2833x_DMA.obj" "./Source/BSW/common/source/DSP2833x_DefaultIsr.obj" "./Source/BSW/common/source/DSP2833x_DisInt.obj" "./Source/BSW/common/source/DSP2833x_ECan.obj" "./Source/BSW/common/source/DSP2833x_ECap.obj" "./Source/BSW/common/source/DSP2833x_EPwm.obj" "./Source/BSW/common/source/DSP2833x_EQep.obj" "./Source/BSW/common/source/DSP2833x_Gpio.obj" "./Source/BSW/common/source/DSP2833x_I2C.obj" "./Source/BSW/common/source/DSP2833x_Mcbsp.obj" "./Source/BSW/common/source/DSP2833x_MemCopy.obj" "./Source/BSW/common/source/DSP2833x_PieCtrl.obj" "./Source/BSW/common/source/DSP2833x_PieVect.obj" "./Source/BSW/common/source/DSP2833x_Sci.obj" "./Source/BSW/common/source/DSP2833x_Spi.obj" "./Source/BSW/common/source/DSP2833x_SysCtrl.obj" "./Source/BSW/common/source/DSP2833x_Xintf.obj" "./Source/BSW/common/source/DSP2833x_usDelay.obj" "./Source/BSW/header/source/DSP2833x_GlobalVariableDefs.obj" "../Source/BSW/CMD/28335_RAM_lnk.cmd" "../Source/BSW/CMD/DSP2833x_Headers_nonBIOS.cmd"  -llibc.a 
<Linking>
Finished building target: "TMS320F2833X.out"
 

**** Build Finished ****
